Arguments: 
  /usr/local/bin/node /usr/local/Cellar/yarn/1.22.10/libexec/bin/yarn.js

PATH: 
  /usr/local/bin:/usr/bin:/bin:/usr/sbin:/sbin

Yarn version: 
  1.22.10

Node version: 
  14.16.0

Platform: 
  darwin x64

Trace: 
  Error: 4446641600:error:1408F119:SSL routines:ssl3_get_record:decryption failed or bad record mac:../deps/openssl/openssl/ssl/record/ssl3_record.c:677:

npm manifest: 
  {
    "name": "node_project",
    "version": "1.0.0",
    "description": "",
    "main": "dist/index.js",
    "scripts": {
      "start": "tsc && node dist/index.js",
      "test": "jest --verbose"
    },
    "keywords": [],
    "author": "",
    "license": "ISC",
    "devDependencies": {
      "@babel/core": "^7.14.0",
      "@babel/preset-env": "^7.14.0",
      "@babel/preset-typescript": "^7.13.0",
      "@types/express": "^4.16.1",
      "@types/jest": "^26.0.23",
      "babel-jest": "^26.6.3",
      "jest": "^26.6.3",
      "nodemon": "^2.0.7",
      "supertest": "^6.1.3",
      "ts-jest": "^26.5.5",
      "tslint": "^5.12.1",
      "typescript": "^3.3.3"
    },
    "dependencies": {
      "express": "^4.16.4",
      "ts-node": "^9.1.1"
    }
  }

yarn manifest: 
  No manifest

Lockfile: 
  # THIS IS AN AUTOGENERATED FILE. DO NOT EDIT THIS FILE DIRECTLY.
  # yarn lockfile v1
  
  
  typescript@^4.2.4:
    version "4.2.4"
    resolved "https://registry.yarnpkg.com/typescript/-/typescript-4.2.4.tgz#8610b59747de028fda898a8aef0e103f156d0961"
    integrity sha512-V+evlYHZnQkaz8TRBuxTA92yZBPotr5H+WhQ7bD3hZUndx5tGOa1fuCgeSjxAzM1RiN5IzvadIXTVefuuwZCRg==
